<?xml version="1.0" encoding="UTF-8"?>
<!-- Generated by org.testng.reporters.JUnitReportReporter -->
<testsuite skipped="0" hostname="FIAZ" name="runners.CucumberRunner" tests="1" failures="0" timestamp="20 Nov 2020 06:43:51 GMT" time="11.523" errors="0">
  <testcase name="feature" time="11.523" classname="runners.CucumberRunner"/>
</testsuite> <!-- runners.CucumberRunner -->
